SET
SET
SET
SET
SET
SET
CREATE SCHEMA
SET
CREATE FUNCTION
CREATE FUNCTION
SET
SET
CREATE TABLE
COMMENT
CREATE TABLE
CREATE SEQUENCE
CREATE TABLE
CREATE SEQUENCE
CREATE TABLE
CREATE TABLE
CREATE TABLE
CREATE SEQUENCE
CREATE TABLE
CREATE TABLE
CREATE TABLE
CREATE SEQUENCE
ALTER SEQUENCE
CREATE TABLE
COMMENT
CREATE SEQUENCE
ALTER SEQUENCE
ALTER TABLE
ALTER TABLE
ALTER TABLE
ALTER TABLE
ALTER TABLE
ALTER TABLE
ALTER TABLE
ALTER TABLE
ALTER TABLE
ALTER TABLE
ALTER TABLE
ALTER TABLE
CREATE TRIGGER
CREATE TRIGGER
ALTER TABLE
ALTER TABLE
ALTER TABLE
ALTER TABLE
ALTER TABLE
ALTER TABLE
ALTER TABLE
ALTER TABLE
ALTER TABLE
ALTER TABLE
SET
INSERT 0 1
INSERT 0 1
INSERT 0 1
INSERT 0 1
INSERT 0 1
INSERT 0 1
INSERT 0 1
INSERT 0 1
INSERT 0 1
INSERT 0 1
INSERT 0 1
INSERT 0 1
INSERT 0 1
INSERT 0 1
INSERT 0 1
INSERT 0 1
INSERT 0 1
INSERT 0 1
INSERT 0 1
INSERT 0 1
INSERT 0 1
INSERT 0 1
INSERT 0 1
INSERT 0 1
INSERT 0 1
INSERT 0 1
INSERT 0 1
INSERT 0 1
psql:data/gestusers.sql:575: ERREUR:  la colonne « pn » de la relation « t_roles » n'existe pas
LIGNE 1 : ...ole, desc_role, pass, email, organisme, id_unite, pn, asserm...
                                                               ^
psql:data/gestusers.sql:576: ERREUR:  la colonne « pn » de la relation « t_roles » n'existe pas
LIGNE 1 : ...ole, desc_role, pass, email, organisme, id_unite, pn, asserm...
                                                               ^
psql:data/gestusers.sql:577: ERREUR:  la colonne « pn » de la relation « t_roles » n'existe pas
LIGNE 1 : ...ole, desc_role, pass, email, organisme, id_unite, pn, asserm...
                                                               ^
psql:data/gestusers.sql:583: ERREUR:  une instruction insert ou update sur la table « cor_role_droit_application » viole la contrainte de clé
étrangère « cor_role_droit_application_id_role_fkey »
DÉTAIL : La clé (id_role)=(1) n'est pas présente dans la table « t_roles ».
psql:data/gestusers.sql:584: ERREUR:  une instruction insert ou update sur la table « cor_role_droit_application » viole la contrainte de clé
étrangère « cor_role_droit_application_id_role_fkey »
DÉTAIL : La clé (id_role)=(20002) n'est pas présente dans la table « t_roles ».
psql:data/gestusers.sql:585: ERREUR:  une instruction insert ou update sur la table « cor_role_droit_application » viole la contrainte de clé
étrangère « cor_role_droit_application_id_role_fkey »
DÉTAIL : La clé (id_role)=(1) n'est pas présente dans la table « t_roles ».
INSERT 0 1
INSERT 0 1
psql:data/gestusers.sql:598: ERREUR:  une instruction insert ou update sur la table « cor_role_menu » viole la contrainte de clé
étrangère « cor_role_menu_application_id_role_fkey »
DÉTAIL : La clé (id_role)=(1) n'est pas présente dans la table « t_roles ».
psql:data/gestusers.sql:599: ERREUR:  une instruction insert ou update sur la table « cor_role_menu » viole la contrainte de clé
étrangère « cor_role_menu_application_id_role_fkey »
DÉTAIL : La clé (id_role)=(1) n'est pas présente dans la table « t_roles ».
psql:data/gestusers.sql:605: ERREUR:  une instruction insert ou update sur la table « cor_roles » viole la contrainte de clé
étrangère « cor_roles_id_role_groupe_fkey »
DÉTAIL : La clé (id_role_groupe)=(20001) n'est pas présente dans la table « t_roles ».
psql:data/gestusers.sql:606: ERREUR:  une instruction insert ou update sur la table « cor_roles » viole la contrainte de clé
étrangère « cor_roles_id_role_groupe_fkey »
DÉTAIL : La clé (id_role_groupe)=(20002) n'est pas présente dans la table « t_roles ».
SET
SET
SET
SET
SET
SET
CREATE SCHEMA
SET
CREATE FUNCTION
CREATE FUNCTION
SET
SET
CREATE TABLE
COMMENT
CREATE TABLE
CREATE SEQUENCE
CREATE TABLE
CREATE SEQUENCE
CREATE TABLE
CREATE TABLE
CREATE TABLE
CREATE SEQUENCE
CREATE TABLE
CREATE TABLE
CREATE TABLE
CREATE SEQUENCE
ALTER SEQUENCE
CREATE TABLE
COMMENT
CREATE SEQUENCE
ALTER SEQUENCE
ALTER TABLE
ALTER TABLE
ALTER TABLE
ALTER TABLE
ALTER TABLE
ALTER TABLE
ALTER TABLE
ALTER TABLE
ALTER TABLE
ALTER TABLE
ALTER TABLE
ALTER TABLE
CREATE TRIGGER
CREATE TRIGGER
ALTER TABLE
ALTER TABLE
ALTER TABLE
ALTER TABLE
ALTER TABLE
ALTER TABLE
ALTER TABLE
ALTER TABLE
ALTER TABLE
ALTER TABLE
SET
INSERT 0 1
INSERT 0 1
INSERT 0 1
INSERT 0 1
INSERT 0 1
INSERT 0 1
INSERT 0 1
INSERT 0 1
INSERT 0 1
INSERT 0 1
INSERT 0 1
INSERT 0 1
INSERT 0 1
INSERT 0 1
INSERT 0 1
INSERT 0 1
INSERT 0 1
INSERT 0 1
INSERT 0 1
INSERT 0 1
INSERT 0 1
INSERT 0 1
INSERT 0 1
INSERT 0 1
INSERT 0 1
INSERT 0 1
INSERT 0 1
INSERT 0 1
psql:data/gestusers.sql:575: ERREUR:  la colonne « pn » de la relation « t_roles » n'existe pas
LIGNE 1 : ...ole, desc_role, pass, email, organisme, id_unite, pn, asserm...
                                                               ^
psql:data/gestusers.sql:576: ERREUR:  la colonne « pn » de la relation « t_roles » n'existe pas
LIGNE 1 : ...ole, desc_role, pass, email, organisme, id_unite, pn, asserm...
                                                               ^
psql:data/gestusers.sql:577: ERREUR:  la colonne « pn » de la relation « t_roles » n'existe pas
LIGNE 1 : ...ole, desc_role, pass, email, organisme, id_unite, pn, asserm...
                                                               ^
psql:data/gestusers.sql:583: ERREUR:  une instruction insert ou update sur la table « cor_role_droit_application » viole la contrainte de clé
étrangère « cor_role_droit_application_id_role_fkey »
DÉTAIL : La clé (id_role)=(1) n'est pas présente dans la table « t_roles ».
psql:data/gestusers.sql:584: ERREUR:  une instruction insert ou update sur la table « cor_role_droit_application » viole la contrainte de clé
étrangère « cor_role_droit_application_id_role_fkey »
DÉTAIL : La clé (id_role)=(20002) n'est pas présente dans la table « t_roles ».
psql:data/gestusers.sql:585: ERREUR:  une instruction insert ou update sur la table « cor_role_droit_application » viole la contrainte de clé
étrangère « cor_role_droit_application_id_role_fkey »
DÉTAIL : La clé (id_role)=(1) n'est pas présente dans la table « t_roles ».
INSERT 0 1
INSERT 0 1
psql:data/gestusers.sql:598: ERREUR:  une instruction insert ou update sur la table « cor_role_menu » viole la contrainte de clé
étrangère « cor_role_menu_application_id_role_fkey »
DÉTAIL : La clé (id_role)=(1) n'est pas présente dans la table « t_roles ».
psql:data/gestusers.sql:599: ERREUR:  une instruction insert ou update sur la table « cor_role_menu » viole la contrainte de clé
étrangère « cor_role_menu_application_id_role_fkey »
DÉTAIL : La clé (id_role)=(1) n'est pas présente dans la table « t_roles ».
psql:data/gestusers.sql:605: ERREUR:  une instruction insert ou update sur la table « cor_roles » viole la contrainte de clé
étrangère « cor_roles_id_role_groupe_fkey »
DÉTAIL : La clé (id_role_groupe)=(20001) n'est pas présente dans la table « t_roles ».
psql:data/gestusers.sql:606: ERREUR:  une instruction insert ou update sur la table « cor_roles » viole la contrainte de clé
étrangère « cor_roles_id_role_groupe_fkey »
DÉTAIL : La clé (id_role_groupe)=(20002) n'est pas présente dans la table « t_roles ».
SET
SET
SET
SET
SET
SET
CREATE SCHEMA
SET
CREATE FUNCTION
CREATE FUNCTION
SET
SET
CREATE TABLE
COMMENT
CREATE TABLE
CREATE SEQUENCE
CREATE TABLE
CREATE SEQUENCE
CREATE TABLE
CREATE TABLE
CREATE TABLE
CREATE SEQUENCE
CREATE TABLE
CREATE TABLE
CREATE TABLE
CREATE SEQUENCE
ALTER SEQUENCE
CREATE TABLE
COMMENT
CREATE SEQUENCE
ALTER SEQUENCE
ALTER TABLE
ALTER TABLE
ALTER TABLE
ALTER TABLE
ALTER TABLE
ALTER TABLE
ALTER TABLE
ALTER TABLE
ALTER TABLE
ALTER TABLE
ALTER TABLE
ALTER TABLE
CREATE TRIGGER
CREATE TRIGGER
ALTER TABLE
ALTER TABLE
ALTER TABLE
ALTER TABLE
ALTER TABLE
ALTER TABLE
ALTER TABLE
ALTER TABLE
ALTER TABLE
ALTER TABLE
SET
INSERT 0 1
INSERT 0 1
INSERT 0 1
INSERT 0 1
INSERT 0 1
INSERT 0 1
INSERT 0 1
INSERT 0 1
INSERT 0 1
INSERT 0 1
INSERT 0 1
INSERT 0 1
INSERT 0 1
INSERT 0 1
INSERT 0 1
INSERT 0 1
INSERT 0 1
INSERT 0 1
INSERT 0 1
INSERT 0 1
INSERT 0 1
INSERT 0 1
INSERT 0 1
INSERT 0 1
INSERT 0 1
INSERT 0 1
INSERT 0 1
INSERT 0 1
INSERT 0 1
INSERT 0 1
INSERT 0 1
INSERT 0 1
INSERT 0 1
INSERT 0 1
INSERT 0 1
INSERT 0 1
INSERT 0 1
INSERT 0 1
INSERT 0 1
INSERT 0 1
SET
SET
SET
SET
SET
SET
CREATE SCHEMA
SET
CREATE FUNCTION
CREATE FUNCTION
SET
SET
CREATE TABLE
COMMENT
CREATE TABLE
CREATE SEQUENCE
CREATE TABLE
CREATE SEQUENCE
CREATE TABLE
CREATE TABLE
CREATE TABLE
CREATE SEQUENCE
CREATE TABLE
CREATE TABLE
CREATE TABLE
CREATE SEQUENCE
ALTER SEQUENCE
CREATE TABLE
COMMENT
CREATE SEQUENCE
ALTER SEQUENCE
ALTER TABLE
ALTER TABLE
ALTER TABLE
ALTER TABLE
ALTER TABLE
ALTER TABLE
ALTER TABLE
ALTER TABLE
ALTER TABLE
ALTER TABLE
ALTER TABLE
ALTER TABLE
CREATE TRIGGER
CREATE TRIGGER
ALTER TABLE
ALTER TABLE
ALTER TABLE
ALTER TABLE
ALTER TABLE
ALTER TABLE
ALTER TABLE
ALTER TABLE
ALTER TABLE
ALTER TABLE
SET
INSERT 0 1
INSERT 0 1
INSERT 0 1
INSERT 0 1
INSERT 0 1
INSERT 0 1
INSERT 0 1
INSERT 0 1
INSERT 0 1
INSERT 0 1
INSERT 0 1
INSERT 0 1
INSERT 0 1
INSERT 0 1
INSERT 0 1
INSERT 0 1
INSERT 0 1
INSERT 0 1
INSERT 0 1
INSERT 0 1
INSERT 0 1
INSERT 0 1
INSERT 0 1
INSERT 0 1
INSERT 0 1
INSERT 0 1
INSERT 0 1
INSERT 0 1
INSERT 0 1
INSERT 0 1
INSERT 0 1
INSERT 0 1
INSERT 0 1
INSERT 0 1
SET
SET
SET
SET
SET
SET
CREATE SCHEMA
SET
CREATE FUNCTION
CREATE FUNCTION
SET
SET
CREATE TABLE
COMMENT
CREATE TABLE
CREATE SEQUENCE
CREATE TABLE
CREATE SEQUENCE
CREATE TABLE
CREATE TABLE
CREATE TABLE
CREATE SEQUENCE
CREATE TABLE
CREATE TABLE
CREATE TABLE
CREATE SEQUENCE
ALTER SEQUENCE
CREATE TABLE
COMMENT
CREATE SEQUENCE
ALTER SEQUENCE
ALTER TABLE
ALTER TABLE
ALTER TABLE
ALTER TABLE
ALTER TABLE
ALTER TABLE
ALTER TABLE
ALTER TABLE
ALTER TABLE
ALTER TABLE
ALTER TABLE
ALTER TABLE
CREATE TRIGGER
CREATE TRIGGER
ALTER TABLE
ALTER TABLE
ALTER TABLE
ALTER TABLE
ALTER TABLE
ALTER TABLE
ALTER TABLE
ALTER TABLE
ALTER TABLE
ALTER TABLE
SET
INSERT 0 1
INSERT 0 1
INSERT 0 1
INSERT 0 1
INSERT 0 1
INSERT 0 1
INSERT 0 1
INSERT 0 1
INSERT 0 1
INSERT 0 1
INSERT 0 1
INSERT 0 1
INSERT 0 1
INSERT 0 1
INSERT 0 1
INSERT 0 1
INSERT 0 1
INSERT 0 1
INSERT 0 1
INSERT 0 1
INSERT 0 1
INSERT 0 1
INSERT 0 1
INSERT 0 1
INSERT 0 1
INSERT 0 1
INSERT 0 1
INSERT 0 1
INSERT 0 1
INSERT 0 1
INSERT 0 1
INSERT 0 1
INSERT 0 1
INSERT 0 1
INSERT 0 1
SET
SET
SET
SET
SET
SET
CREATE SCHEMA
SET
CREATE FUNCTION
CREATE FUNCTION
SET
SET
CREATE TABLE
COMMENT
CREATE TABLE
CREATE SEQUENCE
CREATE TABLE
CREATE SEQUENCE
CREATE TABLE
CREATE TABLE
CREATE TABLE
CREATE SEQUENCE
CREATE TABLE
CREATE TABLE
CREATE TABLE
CREATE SEQUENCE
ALTER SEQUENCE
CREATE TABLE
COMMENT
CREATE SEQUENCE
ALTER SEQUENCE
ALTER TABLE
ALTER TABLE
ALTER TABLE
ALTER TABLE
ALTER TABLE
ALTER TABLE
ALTER TABLE
ALTER TABLE
ALTER TABLE
ALTER TABLE
ALTER TABLE
ALTER TABLE
CREATE TRIGGER
CREATE TRIGGER
ALTER TABLE
ALTER TABLE
ALTER TABLE
ALTER TABLE
ALTER TABLE
ALTER TABLE
ALTER TABLE
ALTER TABLE
ALTER TABLE
ALTER TABLE
SET
INSERT 0 1
INSERT 0 1
INSERT 0 1
INSERT 0 1
INSERT 0 1
INSERT 0 1
INSERT 0 1
INSERT 0 1
INSERT 0 1
INSERT 0 1
INSERT 0 1
INSERT 0 1
INSERT 0 1
INSERT 0 1
INSERT 0 1
INSERT 0 1
INSERT 0 1
INSERT 0 1
INSERT 0 1
INSERT 0 1
INSERT 0 1
INSERT 0 1
INSERT 0 1
INSERT 0 1
INSERT 0 1
INSERT 0 1
INSERT 0 1
INSERT 0 1
INSERT 0 1
INSERT 0 1
INSERT 0 1
INSERT 0 1
INSERT 0 1
INSERT 0 1
INSERT 0 1
INSERT 0 1
SET
SET
SET
SET
SET
SET
CREATE SCHEMA
SET
CREATE FUNCTION
CREATE FUNCTION
SET
SET
CREATE TABLE
COMMENT
CREATE TABLE
CREATE SEQUENCE
CREATE TABLE
CREATE SEQUENCE
CREATE TABLE
CREATE TABLE
CREATE TABLE
CREATE SEQUENCE
CREATE TABLE
CREATE TABLE
CREATE TABLE
CREATE SEQUENCE
ALTER SEQUENCE
CREATE TABLE
COMMENT
CREATE SEQUENCE
ALTER SEQUENCE
ALTER TABLE
ALTER TABLE
ALTER TABLE
ALTER TABLE
ALTER TABLE
ALTER TABLE
ALTER TABLE
ALTER TABLE
ALTER TABLE
ALTER TABLE
ALTER TABLE
ALTER TABLE
CREATE TRIGGER
CREATE TRIGGER
ALTER TABLE
ALTER TABLE
ALTER TABLE
ALTER TABLE
ALTER TABLE
ALTER TABLE
ALTER TABLE
ALTER TABLE
ALTER TABLE
ALTER TABLE
SET
INSERT 0 1
INSERT 0 1
INSERT 0 1
INSERT 0 1
INSERT 0 1
INSERT 0 1
INSERT 0 1
INSERT 0 1
INSERT 0 1
INSERT 0 1
INSERT 0 1
INSERT 0 1
INSERT 0 1
INSERT 0 1
INSERT 0 1
INSERT 0 1
INSERT 0 1
INSERT 0 1
INSERT 0 1
INSERT 0 1
INSERT 0 1
INSERT 0 1
INSERT 0 1
INSERT 0 1
INSERT 0 1
INSERT 0 1
INSERT 0 1
INSERT 0 1
INSERT 0 1
INSERT 0 1
INSERT 0 1
INSERT 0 1
INSERT 0 1
INSERT 0 1
INSERT 0 1
INSERT 0 1
SET
SET
SET
SET
SET
SET
CREATE SCHEMA
SET
CREATE FUNCTION
CREATE FUNCTION
SET
SET
CREATE TABLE
COMMENT
CREATE TABLE
CREATE SEQUENCE
CREATE TABLE
CREATE SEQUENCE
CREATE TABLE
CREATE TABLE
CREATE TABLE
CREATE SEQUENCE
CREATE TABLE
CREATE TABLE
CREATE TABLE
CREATE SEQUENCE
ALTER SEQUENCE
CREATE TABLE
COMMENT
CREATE SEQUENCE
ALTER SEQUENCE
ALTER TABLE
ALTER TABLE
ALTER TABLE
ALTER TABLE
ALTER TABLE
ALTER TABLE
ALTER TABLE
ALTER TABLE
ALTER TABLE
ALTER TABLE
ALTER TABLE
ALTER TABLE
CREATE TRIGGER
CREATE TRIGGER
ALTER TABLE
ALTER TABLE
ALTER TABLE
ALTER TABLE
ALTER TABLE
ALTER TABLE
ALTER TABLE
ALTER TABLE
ALTER TABLE
ALTER TABLE
SET
INSERT 0 1
INSERT 0 1
INSERT 0 1
INSERT 0 1
INSERT 0 1
INSERT 0 1
INSERT 0 1
INSERT 0 1
INSERT 0 1
INSERT 0 1
INSERT 0 1
INSERT 0 1
INSERT 0 1
INSERT 0 1
INSERT 0 1
INSERT 0 1
INSERT 0 1
INSERT 0 1
INSERT 0 1
INSERT 0 1
INSERT 0 1
INSERT 0 1
INSERT 0 1
INSERT 0 1
INSERT 0 1
INSERT 0 1
INSERT 0 1
INSERT 0 1
INSERT 0 1
INSERT 0 1
INSERT 0 1
INSERT 0 1
INSERT 0 1
INSERT 0 1
SET
SET
SET
SET
SET
SET
CREATE SCHEMA
SET
CREATE FUNCTION
CREATE FUNCTION
SET
SET
CREATE TABLE
COMMENT
CREATE TABLE
CREATE SEQUENCE
CREATE TABLE
CREATE SEQUENCE
CREATE TABLE
CREATE TABLE
CREATE TABLE
CREATE SEQUENCE
CREATE TABLE
CREATE TABLE
CREATE TABLE
CREATE SEQUENCE
ALTER SEQUENCE
CREATE TABLE
COMMENT
CREATE SEQUENCE
ALTER SEQUENCE
ALTER TABLE
ALTER TABLE
ALTER TABLE
ALTER TABLE
ALTER TABLE
ALTER TABLE
ALTER TABLE
ALTER TABLE
ALTER TABLE
ALTER TABLE
ALTER TABLE
ALTER TABLE
CREATE TRIGGER
CREATE TRIGGER
ALTER TABLE
ALTER TABLE
ALTER TABLE
ALTER TABLE
ALTER TABLE
ALTER TABLE
ALTER TABLE
ALTER TABLE
ALTER TABLE
ALTER TABLE
SET
INSERT 0 1
INSERT 0 1
INSERT 0 1
INSERT 0 1
INSERT 0 1
INSERT 0 1
INSERT 0 1
INSERT 0 1
INSERT 0 1
INSERT 0 1
INSERT 0 1
INSERT 0 1
INSERT 0 1
INSERT 0 1
INSERT 0 1
INSERT 0 1
INSERT 0 1
INSERT 0 1
INSERT 0 1
INSERT 0 1
INSERT 0 1
INSERT 0 1
INSERT 0 1
INSERT 0 1
INSERT 0 1
INSERT 0 1
INSERT 0 1
INSERT 0 1
INSERT 0 1
INSERT 0 1
INSERT 0 1
INSERT 0 1
SET
SET
SET
SET
SET
SET
CREATE SCHEMA
SET
CREATE FUNCTION
CREATE FUNCTION
SET
SET
CREATE TABLE
COMMENT
CREATE TABLE
CREATE SEQUENCE
CREATE TABLE
CREATE SEQUENCE
CREATE TABLE
CREATE TABLE
CREATE TABLE
CREATE SEQUENCE
CREATE TABLE
CREATE TABLE
CREATE TABLE
CREATE SEQUENCE
ALTER SEQUENCE
CREATE TABLE
COMMENT
CREATE SEQUENCE
ALTER SEQUENCE
ALTER TABLE
ALTER TABLE
ALTER TABLE
ALTER TABLE
ALTER TABLE
ALTER TABLE
ALTER TABLE
ALTER TABLE
ALTER TABLE
ALTER TABLE
ALTER TABLE
ALTER TABLE
CREATE TRIGGER
CREATE TRIGGER
ALTER TABLE
ALTER TABLE
ALTER TABLE
ALTER TABLE
ALTER TABLE
ALTER TABLE
ALTER TABLE
ALTER TABLE
ALTER TABLE
ALTER TABLE
SET
INSERT 0 1
INSERT 0 1
INSERT 0 1
INSERT 0 1
INSERT 0 1
INSERT 0 1
INSERT 0 1
INSERT 0 1
INSERT 0 1
INSERT 0 1
INSERT 0 1
INSERT 0 1
INSERT 0 1
INSERT 0 1
INSERT 0 1
INSERT 0 1
INSERT 0 1
INSERT 0 1
INSERT 0 1
INSERT 0 1
INSERT 0 1
INSERT 0 1
INSERT 0 1
INSERT 0 1
INSERT 0 1
INSERT 0 1
INSERT 0 1
INSERT 0 1
INSERT 0 1
INSERT 0 1
INSERT 0 1
INSERT 0 1
SET
SET
SET
SET
SET
SET
CREATE SCHEMA
SET
CREATE FUNCTION
CREATE FUNCTION
SET
SET
CREATE TABLE
COMMENT
CREATE TABLE
CREATE SEQUENCE
CREATE TABLE
CREATE SEQUENCE
CREATE TABLE
CREATE TABLE
CREATE TABLE
CREATE SEQUENCE
CREATE TABLE
CREATE TABLE
CREATE TABLE
CREATE SEQUENCE
ALTER SEQUENCE
CREATE TABLE
COMMENT
CREATE SEQUENCE
ALTER SEQUENCE
ALTER TABLE
ALTER TABLE
ALTER TABLE
ALTER TABLE
ALTER TABLE
ALTER TABLE
ALTER TABLE
ALTER TABLE
ALTER TABLE
ALTER TABLE
ALTER TABLE
ALTER TABLE
CREATE TRIGGER
CREATE TRIGGER
ALTER TABLE
ALTER TABLE
ALTER TABLE
ALTER TABLE
ALTER TABLE
ALTER TABLE
ALTER TABLE
ALTER TABLE
ALTER TABLE
ALTER TABLE
SET
INSERT 0 1
INSERT 0 1
INSERT 0 1
INSERT 0 1
INSERT 0 1
INSERT 0 1
INSERT 0 1
INSERT 0 1
INSERT 0 1
INSERT 0 1
INSERT 0 1
INSERT 0 1
INSERT 0 1
INSERT 0 1
INSERT 0 1
INSERT 0 1
INSERT 0 1
INSERT 0 1
INSERT 0 1
INSERT 0 1
INSERT 0 1
INSERT 0 1
INSERT 0 1
INSERT 0 1
INSERT 0 1
INSERT 0 1
INSERT 0 1
INSERT 0 1
INSERT 0 1
INSERT 0 1
INSERT 0 1
INSERT 0 1
SET
SET
SET
SET
SET
SET
CREATE SCHEMA
SET
CREATE FUNCTION
CREATE FUNCTION
SET
SET
CREATE TABLE
COMMENT
CREATE TABLE
CREATE SEQUENCE
CREATE TABLE
CREATE SEQUENCE
CREATE TABLE
CREATE TABLE
CREATE TABLE
CREATE SEQUENCE
CREATE TABLE
CREATE TABLE
CREATE TABLE
CREATE SEQUENCE
ALTER SEQUENCE
CREATE TABLE
COMMENT
CREATE SEQUENCE
ALTER SEQUENCE
ALTER TABLE
ALTER TABLE
ALTER TABLE
ALTER TABLE
ALTER TABLE
ALTER TABLE
ALTER TABLE
ALTER TABLE
ALTER TABLE
ALTER TABLE
ALTER TABLE
ALTER TABLE
CREATE TRIGGER
CREATE TRIGGER
ALTER TABLE
ALTER TABLE
ALTER TABLE
ALTER TABLE
ALTER TABLE
ALTER TABLE
ALTER TABLE
ALTER TABLE
ALTER TABLE
ALTER TABLE
SET
INSERT 0 1
INSERT 0 1
INSERT 0 1
INSERT 0 1
INSERT 0 1
INSERT 0 1
INSERT 0 1
INSERT 0 1
INSERT 0 1
INSERT 0 1
INSERT 0 1
INSERT 0 1
INSERT 0 1
INSERT 0 1
INSERT 0 1
INSERT 0 1
INSERT 0 1
INSERT 0 1
INSERT 0 1
INSERT 0 1
INSERT 0 1
INSERT 0 1
INSERT 0 1
INSERT 0 1
INSERT 0 1
INSERT 0 1
INSERT 0 1
INSERT 0 1
INSERT 0 1
INSERT 0 1
INSERT 0 1
INSERT 0 1
